#
# A fatal error has been detected by the Java Runtime Environment:
#
#  EXCEPTION_ACCESS_VIOLATION (0xc0000005) at pc=0x000000007110b5db, pid=13324, tid=9308
#
# JRE version: Java(TM) SE Runtime Environment (17.0.6+9) (build 17.0.6+9-LTS-190)
# Java VM: Java HotSpot(TM) 64-Bit Server VM (17.0.6+9-LTS-190, mixed mode, sharing, tiered, compressed oops, compressed class ptrs, g1 gc, windows-amd64)
# Problematic frame:
# C  [jSSC-2.8_x86_64.dll+0xb5db]
#
# No core dump will be written. Minidumps are not enabled by default on client versions of Windows
#
# If you would like to submit a bug report, please visit:
#   https://bugreport.java.com/bugreport/crash.jsp
# The crash happened outside the Java Virtual Machine in native code.
# See problematic frame for where to report the bug.
#

---------------  S U M M A R Y ------------

Command Line: -Dfile.encoding=UTF-8 vista.frmMenuPrincipal

Host: Intel(R) Core(TM) i5-3230M CPU @ 2.60GHz, 4 cores, 5G,  Windows 10 , 64 bit Build 19041 (10.0.19041.2913)
Time: Sat May 27 12:10:58 2023 Hora est. Pacífico, Sudamérica elapsed time: 0.749898 seconds (0d 0h 0m 0s)

---------------  T H R E A D  ---------------

Current thread (0x0000014f362e1c10):  JavaThread "AWT-EventQueue-0" [_thread_in_native, id=9308, stack(0x0000000f88400000,0x0000000f88500000)]

Stack: [0x0000000f88400000,0x0000000f88500000],  sp=0x0000000f884fe8c0,  free space=1018k
Native frames: (J=compiled Java code, j=interpreted, Vv=VM code, C=native code)
C  [jSSC-2.8_x86_64.dll+0xb5db]

Java frames: (J=compiled Java code, j=interpreted, Vv=VM code)
j  jssc.SerialNativeInterface.openPort(Ljava/lang/String;Z)J+0
j  jssc.SerialPort.openPort()Z+65
j  com.panamahitek.PanamaHitek_Arduino.arduinoRXTX(Ljava/lang/String;ILjssc/SerialPortEventListener;)V+58
j  controlador.CtrlTemperatura.Puerto()V+13
j  vista.frmMenuPrincipal.<init>()V+53
j  vista.frmMenuPrincipal$4.run()V+4
j  java.awt.event.InvocationEvent.dispatch()V+47 java.desktop@17.0.6
j  java.awt.EventQueue.dispatchEventImpl(Ljava/awt/AWTEvent;Ljava/lang/Object;)V+21 java.desktop@17.0.6
j  java.awt.EventQueue$4.run()Ljava/lang/Void;+32 java.desktop@17.0.6
j  java.awt.EventQueue$4.run()Ljava/lang/Object;+1 java.desktop@17.0.6
j  java.security.AccessController.executePrivileged(Ljava/security/PrivilegedAction;Ljava/security/AccessControlContext;Ljava/lang/Class;)Ljava/lang/Object;+29 java.base@17.0.6
j  java.security.AccessController.doPrivileged(Ljava/security/PrivilegedAction;Ljava/security/AccessControlContext;)Ljava/lang/Object;+13 java.base@17.0.6
j  java.security.ProtectionDomain$JavaSecurityAccessImpl.doIntersectionPrivilege(Ljava/security/PrivilegedAction;Ljava/security/AccessControlContext;Ljava/security/AccessControlContext;)Ljava/lang/Object;+18 java.base@17.0.6
j  java.awt.EventQueue.dispatchEvent(Ljava/awt/AWTEvent;)V+46 java.desktop@17.0.6
j  java.awt.EventDispatchThread.pumpOneEventForFilters(I)V+78 java.desktop@17.0.6
j  java.awt.EventDispatchThread.pumpEventsForFilter(ILjava/awt/Conditional;Ljava/awt/EventFilter;)V+35 java.desktop@17.0.6
j  java.awt.EventDispatchThread.pumpEventsForHierarchy(ILjava/awt/Conditional;Ljava/awt/Component;)V+11 java.desktop@17.0.6
j  java.awt.EventDispatchThread.pumpEvents(ILjava/awt/Conditional;)V+4 java.desktop@17.0.6
j  java.awt.EventDispatchThread.pumpEvents(Ljava/awt/Conditional;)V+3 java.desktop@17.0.6
j  java.awt.EventDispatchThread.run()V+9 java.desktop@17.0.6
v  ~StubRoutines::call_stub

siginfo: EXCEPTION_ACCESS_VIOLATION (0xc0000005), reading address 0x00000000374d3d4f


Register to memory mapping:

RIP=0x000000007110b5db jSSC-2.8_x86_64.dll
RAX=0x00000000374d3d4f is an unknown value
RBX=0x0000000f884fe930 is pointing into the stack for thread: 0x0000014f362e1c10
RCX=0x00007ffa8774d244 ntdll.dll
RDX=0x0 is NULL
RSP=0x0000000f884fe8c0 is pointing into the stack for thread: 0x0000014f362e1c10
RBP=0x0000000f884fea40 is pointing into the stack for thread: 0x0000014f362e1c10
RSI=0x0000014f362e1eb8 points into unknown readable memory: 0x00007ffa4619a650 | 50 a6 19 46 fa 7f 00 00
RDI=0x00000000000005e8 is an unknown value
R8 =0x0000000f884fe7b8 is pointing into the stack for thread: 0x0000014f362e1c10
R9 =0x0000000f884fe8b0 is pointing into the stack for thread: 0x0000014f362e1c10
R10=0x0 is NULL
R11=0x0000000000000246 is an unknown value
R12=0x0000000f884feaf8 is pointing into the stack for thread: 0x0000014f362e1c10
R13=0x0000014f363fded0 points into unknown readable memory: 0x0000000800000000 | 00 00 00 00 08 00 00 00
R14=0x0000000f884fe9f0 is pointing into the stack for thread: 0x0000014f362e1c10
R15=0x0000014f362e1c10 is a thread


Registers:
RAX=0x00000000374d3d4f, RBX=0x0000000f884fe930, RCX=0x00007ffa8774d244, RDX=0x0000000000000000
RSP=0x0000000f884fe8c0, RBP=0x0000000f884fea40, RSI=0x0000014f362e1eb8, RDI=0x00000000000005e8
R8 =0x0000000f884fe7b8, R9 =0x0000000f884fe8b0, R10=0x0000000000000000, R11=0x0000000000000246
R12=0x0000000f884feaf8, R13=0x0000014f363fded0, R14=0x0000000f884fe9f0, R15=0x0000014f362e1c10
RIP=0x000000007110b5db, EFLAGS=0x0000000000010202

Top of Stack: (sp=0x0000000f884fe8c0)
0x0000000f884fe8c0:   0000014f376a2d20 0000014f363fdd70
0x0000000f884fe8d0:   000000007110b230 0000014f16d60000
0x0000000f884fe8e0:   0000014f16d30000 0000000000000004
0x0000000f884fe8f0:   0000014f362e1eb8 00000000000005e8
0x0000000f884fe900:   0000000f884fea40 0000000071112590
0x0000000f884fe910:   0000014f362e1c10 0000000f884fe9f0
0x0000000f884fe920:   0000014f363fded0 0000000f884feaf8
0x0000000f884fe930:   0000014f363fded0 00007ffa876d47b1
0x0000000f884fe940:   0000000f884fe970 0000014f16d60000
0x0000000f884fe950:   0000000f884fea40 0000000000000000
0x0000000f884fe960:   0000000071113500 0000000071113be8
0x0000000f884fe970:   0000000f884fe9a0 0000000071112641
0x0000000f884fe980:   0000000f884fe910 0000014f362e1eb8
0x0000000f884fe990:   0000000000000000 0000000000000000
0x0000000f884fe9a0:   0000000f884fea40 0000000071101595
0x0000000f884fe9b0:   000000000000001c 0000014f00000000 

Instructions: (pc=0x000000007110b5db)
0x000000007110b4db:   48 85 c0 74 bf 44 8b 03 45 85 c0 0f 84 77 ff ff
0x000000007110b4eb:   ff eb 9f 66 90 e8 8b fe ff ff 48 89 05 0c 34 01
0x000000007110b4fb:   00 eb ad 66 90 e8 7b fe ff ff 48 89 05 fc 33 01
0x000000007110b50b:   00 eb 8b e8 8d fe ff ff c7 03 01 00 00 00 e9 6f
0x000000007110b51b:   ff ff ff 66 90 55 48 89 e5 56 53 48 83 ec 20 48
0x000000007110b52b:   8b 05 d7 33 01 00 48 8b 31 48 89 cb 48 85 c0 74
0x000000007110b53b:   56 44 8b 18 45 85 db 78 42 48 8b 05 bd 33 01 00
0x000000007110b54b:   48 85 c0 74 50 44 8b 10 45 85 d2 74 1d 48 89 f1
0x000000007110b55b:   e8 d0 fd ff ff 48 8b 13 48 8d 42 40 48 8b 48 08
0x000000007110b56b:   48 8b 6a 40 48 8b 60 10 ff e1 48 8b 05 9c 33 01
0x000000007110b57b:   00 48 85 c0 74 2d 48 89 30 eb da e8 b5 fe ff ff
0x000000007110b58b:   0f 1f 44 00 00 eb b2 e8 e9 fd ff ff 48 89 05 6a
0x000000007110b59b:   33 01 00 eb 9c e8 db fd ff ff 48 89 05 5c 33 01
0x000000007110b5ab:   00 eb a2 e8 3d fd ff ff 48 89 05 5e 33 01 00 eb
0x000000007110b5bb:   c5 0f 1f 40 00 55 57 56 53 48 83 ec 28 48 8b 05
0x000000007110b5cb:   39 33 01 00 48 89 cb 48 85 c0 0f 84 c5 00 00 00
0x000000007110b5db:   8b 38 85 ff 0f 88 ab 00 00 00 48 8b 05 1c 33 01
0x000000007110b5eb:   00 48 85 c0 0f 84 bc 00 00 00 8b 30 85 f6 74 57
0x000000007110b5fb:   48 8b 05 0e 33 01 00 48 85 c0 0f 84 e5 00 00 00
0x000000007110b60b:   8b 28 48 8b 35 10 5e 01 00 ff d6 89 c7 89 e9 ff
0x000000007110b61b:   15 f4 5e 01 00 89 f9 48 89 c5 ff 15 b9 5e 01 00
0x000000007110b62b:   48 8b 05 de 32 01 00 48 89 2b 48 85 c0 74 46 48
0x000000007110b63b:   89 da 8b 08 ff 15 d7 5e 01 00 85 c0 74 27 48 83
0x000000007110b64b:   c4 28 5b 5e 5f 5d c3 48 8b 05 bf 32 01 00 48 85
0x000000007110b65b:   c0 74 64 48 8b 10 48 89 13 48 89 18 48 83 c4 28
0x000000007110b66b:   5b 5e 5f 5d c3 48 89 f2 48 83 c4 28 5b 5e 5f 5d
0x000000007110b67b:   48 ff e2 66 90 e8 8b fc ff ff 48 89 05 84 32 01
0x000000007110b68b:   00 eb ac 66 90 e8 ab fd ff ff e9 4b ff ff ff 66
0x000000007110b69b:   0f 1f 44 00 00 e8 db fc ff ff 48 89 05 5c 32 01
0x000000007110b6ab:   00 e9 2a ff ff ff e8 ca fc ff ff 48 89 05 4b 32
0x000000007110b6bb:   01 00 e9 33 ff ff ff e8 29 fc ff ff 48 89 05 4a
0x000000007110b6cb:   32 01 00 48 8b 10 48 85 c0 48 89 13 75 8b e8 12 


Stack slot to memory mapping:
stack at sp + 0 slots: 0x0000014f376a2d20 points into unknown readable memory: 0x005c002e005c005c | 5c 00 5c 00 2e 00 5c 00
stack at sp + 1 slots: 0x0000014f363fdd70 points into unknown readable memory: 0x0000014f375f4990 | 90 49 5f 37 4f 01 00 00
stack at sp + 2 slots: 0x000000007110b230 jSSC-2.8_x86_64.dll
stack at sp + 3 slots: 0x0000014f16d60000 points into unknown readable memory: 0x0000000000000000 | 00 00 00 00 00 00 00 00
stack at sp + 4 slots: 0x0000014f16d30000 points into unknown readable memory: 0x0000000000000000 | 00 00 00 00 00 00 00 00
stack at sp + 5 slots: 0x0000000000000004 is an unknown value
stack at sp + 6 slots: 0x0000014f362e1eb8 points into unknown readable memory: 0x00007ffa4619a650 | 50 a6 19 46 fa 7f 00 00
stack at sp + 7 slots: 0x00000000000005e8 is an unknown value


---------------  P R O C E S S  ---------------

Threads class SMR info:
_java_thread_list=0x0000014f36379900, length=17, elements={
0x0000014f190fe360, 0x0000014f35545a10, 0x0000014f355556d0, 0x0000014f35556280,
0x0000014f3555b4f0, 0x0000014f3555ceb0, 0x0000014f35561830, 0x0000014f35563210,
0x0000014f355caaf0, 0x0000014f3606ff10, 0x0000014f36080c70, 0x0000014f362a5420,
0x0000014f362a7900, 0x0000014f362e2470, 0x0000014f362e1c10, 0x0000014f1901dec0,
0x0000014f363ed640
}

Java Threads: ( => current thread )
  0x0000014f190fe360 JavaThread "Reference Handler" daemon [_thread_blocked, id=13160, stack(0x0000000f87500000,0x0000000f87600000)]
  0x0000014f35545a10 JavaThread "Finalizer" daemon [_thread_blocked, id=11620, stack(0x0000000f87600000,0x0000000f87700000)]
  0x0000014f355556d0 JavaThread "Signal Dispatcher" daemon [_thread_blocked, id=12816, stack(0x0000000f87700000,0x0000000f87800000)]
  0x0000014f35556280 JavaThread "Attach Listener" daemon [_thread_blocked, id=3412, stack(0x0000000f87800000,0x0000000f87900000)]
  0x0000014f3555b4f0 JavaThread "Service Thread" daemon [_thread_blocked, id=14076, stack(0x0000000f87900000,0x0000000f87a00000)]
  0x0000014f3555ceb0 JavaThread "Monitor Deflation Thread" daemon [_thread_blocked, id=6148, stack(0x0000000f87a00000,0x0000000f87b00000)]
  0x0000014f35561830 JavaThread "C2 CompilerThread0" daemon [_thread_blocked, id=13072, stack(0x0000000f87b00000,0x0000000f87c00000)]
  0x0000014f35563210 JavaThread "C1 CompilerThread0" daemon [_thread_blocked, id=7928, stack(0x0000000f87c00000,0x0000000f87d00000)]
  0x0000014f355caaf0 JavaThread "Sweeper thread" daemon [_thread_blocked, id=5680, stack(0x0000000f87d00000,0x0000000f87e00000)]
  0x0000014f3606ff10 JavaThread "Notification Thread" daemon [_thread_blocked, id=14092, stack(0x0000000f87e00000,0x0000000f87f00000)]
  0x0000014f36080c70 JavaThread "Common-Cleaner" daemon [_thread_blocked, id=5616, stack(0x0000000f88000000,0x0000000f88100000)]
  0x0000014f362a5420 JavaThread "Java2D Disposer" daemon [_thread_blocked, id=12684, stack(0x0000000f88100000,0x0000000f88200000)]
  0x0000014f362a7900 JavaThread "AWT-Shutdown" [_thread_blocked, id=13672, stack(0x0000000f88200000,0x0000000f88300000)]
  0x0000014f362e2470 JavaThread "AWT-Windows" daemon [_thread_in_native, id=2120, stack(0x0000000f88300000,0x0000000f88400000)]
=>0x0000014f362e1c10 JavaThread "AWT-EventQueue-0" [_thread_in_native, id=9308, stack(0x0000000f88400000,0x0000000f88500000)]
  0x0000014f1901dec0 JavaThread "DestroyJavaVM" [_thread_blocked, id=4928, stack(0x0000000f86e00000,0x0000000f86f00000)]
  0x0000014f363ed640 JavaThread "Thread-0" [_thread_blocked, id=6252, stack(0x0000000f88800000,0x0000000f88900000)]

Other Threads:
  0x0000014f190fb720 VMThread "VM Thread" [stack: 0x0000000f87400000,0x0000000f87500000] [id=6964]
  0x0000014f36076800 WatcherThread [stack: 0x0000000f87f00000,0x0000000f88000000] [id=10572]
  0x0000014f19068eb0 GCTaskThread "GC Thread#0" [stack: 0x0000000f86f00000,0x0000000f87000000] [id=1896]
  0x0000014f19075af0 ConcurrentGCThread "G1 Main Marker" [stack: 0x0000000f87000000,0x0000000f87100000] [id=7948]
  0x0000014f19077510 ConcurrentGCThread "G1 Conc#0" [stack: 0x0000000f87100000,0x0000000f87200000] [id=9444]
  0x0000014f190daae0 ConcurrentGCThread "G1 Refine#0" [stack: 0x0000000f87200000,0x0000000f87300000] [id=3768]
  0x0000014f190db500 ConcurrentGCThread "G1 Service" [stack: 0x0000000f87300000,0x0000000f87400000] [id=424]

Threads with active compile tasks:

VM state: not at safepoint (normal execution)

VM Mutex/Monitor currently owned by a thread: None

Heap address: 0x00000000a1800000, size: 1512 MB, Compressed Oops mode: 32-bit

CDS archive(s) mapped at: [0x0000000800000000-0x0000000800bd0000-0x0000000800bd0000), size 12386304, SharedBaseAddress: 0x0000000800000000, ArchiveRelocationMode: 0.
Compressed class space mapped at: 0x0000000800c00000-0x0000000840c00000, reserved size: 1073741824
Narrow klass base: 0x0000000800000000, Narrow klass shift: 0, Narrow klass range: 0x100000000

GC Precious Log:
 CPUs: 4 total, 4 available
 Memory: 6046M
 Large Page Support: Disabled
 NUMA Support: Disabled
 Compressed Oops: Enabled (32-bit)
 Heap Region Size: 1M
 Heap Min Capacity: 8M
 Heap Initial Capacity: 96M
 Heap Max Capacity: 1512M
 Pre-touch: Disabled
 Parallel Workers: 4
 Concurrent Workers: 1
 Concurrent Refinement Workers: 4
 Periodic GC: Disabled

Heap:
 garbage-first heap   total 98304K, used 7168K [0x00000000a1800000, 0x0000000100000000)
  region size 1024K, 8 young (8192K), 0 survivors (0K)
 Metaspace       used 7328K, committed 7488K, reserved 1056768K
  class space    used 842K, committed 896K, reserved 1048576K

Heap Regions: E=young(eden), S=young(survivor), O=old, HS=humongous(starts), HC=humongous(continues), CS=collection set, F=free, OA=open archive, CA=closed archive, TAMS=top-at-mark-start (previous, next)
|   0|0x00000000a1800000, 0x00000000a1800000, 0x00000000a1900000|  0%| F|  |TAMS 0x00000000a1800000, 0x00000000a1800000| Untracked 
|   1|0x00000000a1900000, 0x00000000a1900000, 0x00000000a1a00000|  0%| F|  |TAMS 0x00000000a1900000, 0x00000000a1900000| Untracked 
|   2|0x00000000a1a00000, 0x00000000a1a00000, 0x00000000a1b00000|  0%| F|  |TAMS 0x00000000a1a00000, 0x00000000a1a00000| Untracked 
|   3|0x00000000a1b00000, 0x00000000a1b00000, 0x00000000a1c00000|  0%| F|  |TAMS 0x00000000a1b00000, 0x00000000a1b00000| Untracked 
|   4|0x00000000a1c00000, 0x00000000a1c00000, 0x00000000a1d00000|  0%| F|  |TAMS 0x00000000a1c00000, 0x00000000a1c00000| Untracked 
|   5|0x00000000a1d00000, 0x00000000a1d00000, 0x00000000a1e00000|  0%| F|  |TAMS 0x00000000a1d00000, 0x00000000a1d00000| Untracked 
|   6|0x00000000a1e00000, 0x00000000a1e00000, 0x00000000a1f00000|  0%| F|  |TAMS 0x00000000a1e00000, 0x00000000a1e00000| Untracked 
|   7|0x00000000a1f00000, 0x00000000a1f00000, 0x00000000a2000000|  0%| F|  |TAMS 0x00000000a1f00000, 0x00000000a1f00000| Untracked 
|   8|0x00000000a2000000, 0x00000000a2000000, 0x00000000a2100000|  0%| F|  |TAMS 0x00000000a2000000, 0x00000000a2000000| Untracked 
|   9|0x00000000a2100000, 0x00000000a2100000, 0x00000000a2200000|  0%| F|  |TAMS 0x00000000a2100000, 0x00000000a2100000| Untracked 
|  10|0x00000000a2200000, 0x00000000a2200000, 0x00000000a2300000|  0%| F|  |TAMS 0x00000000a2200000, 0x00000000a2200000| Untracked 
|  11|0x00000000a2300000, 0x00000000a2300000, 0x00000000a2400000|  0%| F|  |TAMS 0x00000000a2300000, 0x00000000a2300000| Untracked 
|  12|0x00000000a2400000, 0x00000000a2400000, 0x00000000a2500000|  0%| F|  |TAMS 0x00000000a2400000, 0x00000000a2400000| Untracked 
|  13|0x00000000a2500000, 0x00000000a2500000, 0x00000000a2600000|  0%| F|  |TAMS 0x00000000a2500000, 0x00000000a2500000| Untracked 
|  14|0x00000000a2600000, 0x00000000a2600000, 0x00000000a2700000|  0%| F|  |TAMS 0x00000000a2600000, 0x00000000a2600000| Untracked 
|  15|0x00000000a2700000, 0x00000000a2700000, 0x00000000a2800000|  0%| F|  |TAMS 0x00000000a2700000, 0x00000000a2700000| Untracked 
|  16|0x00000000a2800000, 0x00000000a2800000, 0x00000000a2900000|  0%| F|  |TAMS 0x00000000a2800000, 0x00000000a2800000| Untracked 
|  17|0x00000000a2900000, 0x00000000a2900000, 0x00000000a2a00000|  0%| F|  |TAMS 0x00000000a2900000, 0x00000000a2900000| Untracked 
|  18|0x00000000a2a00000, 0x00000000a2a00000, 0x00000000a2b00000|  0%| F|  |TAMS 0x00000000a2a00000, 0x00000000a2a00000| Untracked 
|  19|0x00000000a2b00000, 0x00000000a2b00000, 0x00000000a2c00000|  0%| F|  |TAMS 0x00000000a2b00000, 0x00000000a2b00000| Untracked 
|  20|0x00000000a2c00000, 0x00000000a2c00000, 0x00000000a2d00000|  0%| F|  |TAMS 0x00000000a2c00000, 0x00000000a2c00000| Untracked 
|  21|0x00000000a2d00000, 0x00000000a2d00000, 0x00000000a2e00000|  0%| F|  |TAMS 0x00000000a2d00000, 0x00000000a2d00000| Untracked 
|  22|0x00000000a2e00000, 0x00000000a2e00000, 0x00000000a2f00000|  0%| F|  |TAMS 0x00000000a2e00000, 0x00000000a2e00000| Untracked 
|  23|0x00000000a2f00000, 0x00000000a2f00000, 0x00000000a3000000|  0%| F|  |TAMS 0x00000000a2f00000, 0x00000000a2f00000| Untracked 
|  24|0x00000000a3000000, 0x00000000a3000000, 0x00000000a3100000|  0%| F|  |TAMS 0x00000000a3000000, 0x00000000a3000000| Untracked 
|  25|0x00000000a3100000, 0x00000000a3100000, 0x00000000a3200000|  0%| F|  |TAMS 0x00000000a3100000, 0x00000000a3100000| Untracked 
|  26|0x00000000a3200000, 0x00000000a3200000, 0x00000000a3300000|  0%| F|  |TAMS 0x00000000a3200000, 0x00000000a3200000| Untracked 
|  27|0x00000000a3300000, 0x00000000a3300000, 0x00000000a3400000|  0%| F|  |TAMS 0x00000000a3300000, 0x00000000a3300000| Untracked 
|  28|0x00000000a3400000, 0x00000000a3400000, 0x00000000a3500000|  0%| F|  |TAMS 0x00000000a3400000, 0x00000000a3400000| Untracked 
|  29|0x00000000a3500000, 0x00000000a3500000, 0x00000000a3600000|  0%| F|  |TAMS 0x00000000a3500000, 0x00000000a3500000| Untracked 
|  30|0x00000000a3600000, 0x00000000a3600000, 0x00000000a3700000|  0%| F|  |TAMS 0x00000000a3600000, 0x00000000a3600000| Untracked 
|  31|0x00000000a3700000, 0x00000000a3700000, 0x00000000a3800000|  0%| F|  |TAMS 0x00000000a3700000, 0x00000000a3700000| Untracked 
|  32|0x00000000a3800000, 0x00000000a3800000, 0x00000000a3900000|  0%| F|  |TAMS 0x00000000a3800000, 0x00000000a3800000| Untracked 
|  33|0x00000000a3900000, 0x00000000a3900000, 0x00000000a3a00000|  0%| F|  |TAMS 0x00000000a3900000, 0x00000000a3900000| Untracked 
|  34|0x00000000a3a00000, 0x00000000a3a00000, 0x00000000a3b00000|  0%| F|  |TAMS 0x00000000a3a00000, 0x00000000a3a00000| Untracked 
|  35|0x00000000a3b00000, 0x00000000a3b00000, 0x00000000a3c00000|  0%| F|  |TAMS 0x00000000a3b00000, 0x00000000a3b00000| Untracked 
|  36|0x00000000a3c00000, 0x00000000a3c00000, 0x00000000a3d00000|  0%| F|  |TAMS 0x00000000a3c00000, 0x00000000a3c00000| Untracked 
|  37|0x00000000a3d00000, 0x00000000a3d00000, 0x00000000a3e00000|  0%| F|  |TAMS 0x00000000a3d00000, 0x00000000a3d00000| Untracked 
|  38|0x00000000a3e00000, 0x00000000a3e00000, 0x00000000a3f00000|  0%| F|  |TAMS 0x00000000a3e00000, 0x00000000a3e00000| Untracked 
|  39|0x00000000a3f00000, 0x00000000a3f00000, 0x00000000a4000000|  0%| F|  |TAMS 0x00000000a3f00000, 0x00000000a3f00000| Untracked 
|  40|0x00000000a4000000, 0x00000000a4000000, 0x00000000a4100000|  0%| F|  |TAMS 0x00000000a4000000, 0x00000000a4000000| Untracked 
|  41|0x00000000a4100000, 0x00000000a4100000, 0x00000000a4200000|  0%| F|  |TAMS 0x00000000a4100000, 0x00000000a4100000| Untracked 
|  42|0x00000000a4200000, 0x00000000a4200000, 0x00000000a4300000|  0%| F|  |TAMS 0x00000000a4200000, 0x00000000a4200000| Untracked 
|  43|0x00000000a4300000, 0x00000000a4300000, 0x00000000a4400000|  0%| F|  |TAMS 0x00000000a4300000, 0x00000000a4300000| Untracked 
|  44|0x00000000a4400000, 0x00000000a4400000, 0x00000000a4500000|  0%| F|  |TAMS 0x00000000a4400000, 0x00000000a4400000| Untracked 
|  45|0x00000000a4500000, 0x00000000a4500000, 0x00000000a4600000|  0%| F|  |TAMS 0x00000000a4500000, 0x00000000a4500000| Untracked 
|  46|0x00000000a4600000, 0x00000000a4600000, 0x00000000a4700000|  0%| F|  |TAMS 0x00000000a4600000, 0x00000000a4600000| Untracked 
|  47|0x00000000a4700000, 0x00000000a4700000, 0x00000000a4800000|  0%| F|  |TAMS 0x00000000a4700000, 0x00000000a4700000| Untracked 
|  48|0x00000000a4800000, 0x00000000a4800000, 0x00000000a4900000|  0%| F|  |TAMS 0x00000000a4800000, 0x00000000a4800000| Untracked 
|  49|0x00000000a4900000, 0x00000000a4900000, 0x00000000a4a00000|  0%| F|  |TAMS 0x00000000a4900000, 0x00000000a4900000| Untracked 
|  50|0x00000000a4a00000, 0x00000000a4a00000, 0x00000000a4b00000|  0%| F|  |TAMS 0x00000000a4a00000, 0x00000000a4a00000| Untracked 
|  51|0x00000000a4b00000, 0x00000000a4b00000, 0x00000000a4c00000|  0%| F|  |TAMS 0x00000000a4b00000, 0x00000000a4b00000| Untracked 
|  52|0x00000000a4c00000, 0x00000000a4c00000, 0x00000000a4d00000|  0%| F|  |TAMS 0x00000000a4c00000, 0x00000000a4c00000| Untracked 
|  53|0x00000000a4d00000, 0x00000000a4d00000, 0x00000000a4e00000|  0%| F|  |TAMS 0x00000000a4d00000, 0x00000000a4d00000| Untracked 
|  54|0x00000000a4e00000, 0x00000000a4e00000, 0x00000000a4f00000|  0%| F|  |TAMS 0x00000000a4e00000, 0x00000000a4e00000| Untracked 
|  55|0x00000000a4f00000, 0x00000000a4f00000, 0x00000000a5000000|  0%| F|  |TAMS 0x00000000a4f00000, 0x00000000a4f00000| Untracked 
|  56|0x00000000a5000000, 0x00000000a5000000, 0x00000000a5100000|  0%| F|  |TAMS 0x00000000a5000000, 0x00000000a5000000| Untracked 
|  57|0x00000000a5100000, 0x00000000a5100000, 0x00000000a5200000|  0%| F|  |TAMS 0x00000000a5100000, 0x00000000a5100000| Untracked 
|  58|0x00000000a5200000, 0x00000000a5200000, 0x00000000a5300000|  0%| F|  |TAMS 0x00000000a5200000, 0x00000000a5200000| Untracked 
|  59|0x00000000a5300000, 0x00000000a5300000, 0x00000000a5400000|  0%| F|  |TAMS 0x00000000a5300000, 0x00000000a5300000| Untracked 
|  60|0x00000000a5400000, 0x00000000a5400000, 0x00000000a5500000|  0%| F|  |TAMS 0x00000000a5400000, 0x00000000a5400000| Untracked 
|  61|0x00000000a5500000, 0x00000000a5500000, 0x00000000a5600000|  0%| F|  |TAMS 0x00000000a5500000, 0x00000000a5500000| Untracked 
|  62|0x00000000a5600000, 0x00000000a5600000, 0x00000000a5700000|  0%| F|  |TAMS 0x00000000a5600000, 0x00000000a5600000| Untracked 
|  63|0x00000000a5700000, 0x00000000a5700000, 0x00000000a5800000|  0%| F|  |TAMS 0x00000000a5700000, 0x00000000a5700000| Untracked 
|  64|0x00000000a5800000, 0x00000000a5800000, 0x00000000a5900000|  0%| F|  |TAMS 0x00000000a5800000, 0x00000000a5800000| Untracked 
|  65|0x00000000a5900000, 0x00000000a5900000, 0x00000000a5a00000|  0%| F|  |TAMS 0x00000000a5900000, 0x00000000a5900000| Untracked 
|  66|0x00000000a5a00000, 0x00000000a5a00000, 0x00000000a5b00000|  0%| F|  |TAMS 0x00000000a5a00000, 0x00000000a5a00000| Untracked 
|  67|0x00000000a5b00000, 0x00000000a5b00000, 0x00000000a5c00000|  0%| F|  |TAMS 0x00000000a5b00000, 0x00000000a5b00000| Untracked 
|  68|0x00000000a5c00000, 0x00000000a5c00000, 0x00000000a5d00000|  0%| F|  |TAMS 0x00000000a5c00000, 0x00000000a5c00000| Untracked 
|  69|0x00000000a5d00000, 0x00000000a5d00000, 0x00000000a5e00000|  0%| F|  |TAMS 0x00000000a5d00000, 0x00000000a5d00000| Untracked 
|  70|0x00000000a5e00000, 0x00000000a5e00000, 0x00000000a5f00000|  0%| F|  |TAMS 0x00000000a5e00000, 0x00000000a5e00000| Untracked 
|  71|0x00000000a5f00000, 0x00000000a5f00000, 0x00000000a6000000|  0%| F|  |TAMS 0x00000000a5f00000, 0x00000000a5f00000| Untracked 
|  72|0x00000000a6000000, 0x00000000a6000000, 0x00000000a6100000|  0%| F|  |TAMS 0x00000000a6000000, 0x00000000a6000000| Untracked 
|  73|0x00000000a6100000, 0x00000000a6100000, 0x00000000a6200000|  0%| F|  |TAMS 0x00000000a6100000, 0x00000000a6100000| Untracked 
|  74|0x00000000a6200000, 0x00000000a6200000, 0x00000000a6300000|  0%| F|  |TAMS 0x00000000a6200000, 0x00000000a6200000| Untracked 
|  75|0x00000000a6300000, 0x00000000a6300000, 0x00000000a6400000|  0%| F|  |TAMS 0x00000000a6300000, 0x00000000a6300000| Untracked 
|  76|0x00000000a6400000, 0x00000000a6400000, 0x00000000a6500000|  0%| F|  |TAMS 0x00000000a6400000, 0x00000000a6400000| Untracked 
|  77|0x00000000a6500000, 0x00000000a6500000, 0x00000000a6600000|  0%| F|  |TAMS 0x00000000a6500000, 0x00000000a6500000| Untracked 
|  78|0x00000000a6600000, 0x00000000a6600000, 0x00000000a6700000|  0%| F|  |TAMS 0x00000000a6600000, 0x00000000a6600000| Untracked 
|  79|0x00000000a6700000, 0x00000000a6700000, 0x00000000a6800000|  0%| F|  |TAMS 0x00000000a6700000, 0x00000000a6700000| Untracked 
|  80|0x00000000a6800000, 0x00000000a6800000, 0x00000000a6900000|  0%| F|  |TAMS 0x00000000a6800000, 0x00000000a6800000| Untracked 
|  81|0x00000000a6900000, 0x00000000a6900000, 0x00000000a6a00000|  0%| F|  |TAMS 0x00000000a6900000, 0x00000000a6900000| Untracked 
|  82|0x00000000a6a00000, 0x00000000a6a00000, 0x00000000a6b00000|  0%| F|  |TAMS 0x00000000a6a00000, 0x00000000a6a00000| Untracked 
|  83|0x00000000a6b00000, 0x00000000a6b00000, 0x00000000a6c00000|  0%| F|  |TAMS 0x00000000a6b00000, 0x00000000a6b00000| Untracked 
|  84|0x00000000a6c00000, 0x00000000a6c00000, 0x00000000a6d00000|  0%| F|  |TAMS 0x00000000a6c00000, 0x00000000a6c00000| Untracked 
|  85|0x00000000a6d00000, 0x00000000a6d00000, 0x00000000a6e00000|  0%| F|  |TAMS 0x00000000a6d00000, 0x00000000a6d00000| Untracked 
|  86|0x00000000a6e00000, 0x00000000a6e00000, 0x00000000a6f00000|  0%| F|  |TAMS 0x00000000a6e00000, 0x00000000a6e00000| Untracked 
|  87|0x00000000a6f00000, 0x00000000a6f00000, 0x00000000a7000000|  0%| F|  |TAMS 0x00000000a6f00000, 0x00000000a6f00000| Untracked 
|  88|0x00000000a7000000, 0x00000000a7043110, 0x00000000a7100000| 26%| E|  |TAMS 0x00000000a7000000, 0x00000000a7000000| Complete 
|  89|0x00000000a7100000, 0x00000000a7200000, 0x00000000a7200000|100%| E|CS|TAMS 0x00000000a7100000, 0x00000000a7100000| Complete 
|  90|0x00000000a7200000, 0x00000000a7300000, 0x00000000a7300000|100%| E|CS|TAMS 0x00000000a7200000, 0x00000000a7200000| Complete 
|  91|0x00000000a7300000, 0x00000000a7400000, 0x00000000a7400000|100%| E|CS|TAMS 0x00000000a7300000, 0x00000000a7300000| Complete 
|  92|0x00000000a7400000, 0x00000000a7500000, 0x00000000a7500000|100%| E|CS|TAMS 0x00000000a7400000, 0x00000000a7400000| Complete 
|  93|0x00000000a7500000, 0x00000000a7600000, 0x00000000a7600000|100%| E|CS|TAMS 0x00000000a7500000, 0x00000000a7500000| Complete 
|  94|0x00000000a7600000, 0x00000000a7700000, 0x00000000a7700000|100%| E|CS|TAMS 0x00000000a7600000, 0x00000000a7600000| Complete 
|  95|0x00000000a7700000, 0x00000000a7800000, 0x00000000a7800000|100%| E|CS|TAMS 0x00000000a7700000, 0x00000000a7700000| Complete 

Card table byte_map: [0x0000014f2fbb0000,0x0000014f2feb0000] _byte_map_base: 0x0000014f2f6a4000

Marking Bits (Prev, Next): (CMBitMap*) 0x0000014f190694c0, (CMBitMap*) 0x0000014f19069500
 Prev Bits: [0x0000014f301b0000, 0x0000014f31950000)
 Next Bits: [0x0000014f31950000, 0x0000014f330f0000)

Polling page: 0x0000014f16f70000

Metaspace:

Usage:
  Non-class:      6.33 MB used.
      Class:    842.57 KB used.
       Both:      7.16 MB used.

Virtual space:
  Non-class space:        8.00 MB reserved,       6.44 MB ( 80%) committed,  1 nodes.
      Class space:        1.00 GB reserved,     896.00 KB ( <1%) committed,  1 nodes.
             Both:        1.01 GB reserved,       7.31 MB ( <1%) committed. 

Chunk freelists:
   Non-Class:  816.00 KB
       Class:  3.08 MB
        Both:  3.87 MB

MaxMetaspaceSize: unlimited
CompressedClassSpaceSize: 1.00 GB
Initial GC threshold: 21.00 MB
Current GC threshold: 21.00 MB
CDS: on
MetaspaceReclaimPolicy: balanced
 - commit_granule_bytes: 65536.
 - commit_granule_words: 8192.
 - virtual_space_node_default_size: 1048576.
 - enlarge_chunks_in_place: 1.
 - new_chunks_are_fully_committed: 0.
 - uncommit_free_chunks: 1.
 - use_allocation_guard: 0.
 - handle_deallocations: 1.


Internal statistics:

num_allocs_failed_limit: 0.
num_arena_births: 108.
num_arena_deaths: 0.
num_vsnodes_births: 2.
num_vsnodes_deaths: 0.
num_space_committed: 117.
num_space_uncommitted: 0.
num_chunks_returned_to_freelist: 0.
num_chunks_taken_from_freelist: 170.
num_chunk_merges: 0.
num_chunk_splits: 92.
num_chunks_enlarged: 29.
num_purges: 0.
num_inconsistent_stats: 0.

CodeHeap 'non-profiled nmethods': size=120000Kb used=214Kb max_used=214Kb free=119785Kb
 bounds [0x0000014f28380000, 0x0000014f285f0000, 0x0000014f2f8b0000]
CodeHeap 'profiled nmethods': size=120000Kb used=1266Kb max_used=1266Kb free=118733Kb
 bounds [0x0000014f208b0000, 0x0000014f20b20000, 0x0000014f27de0000]
CodeHeap 'non-nmethods': size=5760Kb used=1253Kb max_used=1270Kb free=4506Kb
 bounds [0x0000014f27de0000, 0x0000014f28050000, 0x0000014f28380000]
 total_blobs=1413 nmethods=839 adapters=487
 compilation: enabled
              stopped_count=0, restarted_count=0
 full_count=0

Compilation events (20 events):
Event: 0.725 Thread 0x0000014f35563210 nmethod 768 0x0000014f209b9890 code [0x0000014f209b9a20, 0x0000014f209b9c18]
Event: 0.725 Thread 0x0000014f35563210  769       3       sun.util.locale.LocaleUtils::toLowerString (95 bytes)
Event: 0.727 Thread 0x0000014f35563210 nmethod 769 0x0000014f209b9c90 code [0x0000014f209b9f60, 0x0000014f209bb128]
Event: 0.727 Thread 0x0000014f35563210  770       1       sun.util.locale.StringTokenIterator::currentEnd (5 bytes)
Event: 0.727 Thread 0x0000014f35563210 nmethod 770 0x0000014f283b1190 code [0x0000014f283b1320, 0x0000014f283b13f8]
Event: 0.727 Thread 0x0000014f35563210  772       1       sun.util.locale.BaseLocale$Key::hashCode (5 bytes)
Event: 0.727 Thread 0x0000014f35563210 nmethod 772 0x0000014f283b1490 code [0x0000014f283b1620, 0x0000014f283b16f8]
Event: 0.727 Thread 0x0000014f35563210  773       3       sun.util.locale.LocaleUtils::isLower (18 bytes)
Event: 0.727 Thread 0x0000014f35563210 nmethod 773 0x0000014f209bb810 code [0x0000014f209bb9a0, 0x0000014f209bbb18]
Event: 0.727 Thread 0x0000014f35563210  774       3       sun.util.locale.ParseStatus::isError (13 bytes)
Event: 0.728 Thread 0x0000014f35563210 nmethod 774 0x0000014f209bbb90 code [0x0000014f209bbd20, 0x0000014f209bbe98]
Event: 0.728 Thread 0x0000014f35563210  776       3       sun.util.locale.StringTokenIterator::nextDelimiter (116 bytes)
Event: 0.730 Thread 0x0000014f35563210 nmethod 776 0x0000014f209bbf10 code [0x0000014f209bc240, 0x0000014f209bd698]
Event: 0.730 Thread 0x0000014f35563210  775       3       sun.util.locale.BaseLocale::hashCode (67 bytes)
Event: 0.730 Thread 0x0000014f35563210 nmethod 775 0x0000014f209bdf90 code [0x0000014f209be160, 0x0000014f209be438]
Event: 0.730 Thread 0x0000014f35563210  777       3       sun.util.locale.LocaleObjectCache::get (126 bytes)
Event: 0.732 Thread 0x0000014f35563210 nmethod 777 0x0000014f209be590 code [0x0000014f209be880, 0x0000014f209bfbc8]
Event: 0.732 Thread 0x0000014f35563210  783       3       sun.util.locale.LocaleUtils::isAlphaString (33 bytes)
Event: 0.733 Thread 0x0000014f35563210 nmethod 783 0x0000014f209c0210 code [0x0000014f209c0440, 0x0000014f209c0d38]
Event: 0.733 Thread 0x0000014f35563210  782       3       sun.util.locale.BaseLocale::<init> (76 bytes)

GC Heap History (0 events):
No events

Deoptimization events (4 events):
Event: 0.567 Thread 0x0000014f362e1c10 DEOPT PACKING pc=0x0000014f208c80e7 sp=0x0000000f884fc250
Event: 0.567 Thread 0x0000014f362e1c10 DEOPT UNPACKING pc=0x0000014f27e32b43 sp=0x0000000f884fb670 mode 0
Event: 0.708 Thread 0x0000014f362e1c10 DEOPT PACKING pc=0x0000014f208c6951 sp=0x0000000f884fa920
Event: 0.708 Thread 0x0000014f362e1c10 DEOPT UNPACKING pc=0x0000014f27e32b43 sp=0x0000000f884f9d98 mode 0

Classes unloaded (0 events):
No events

Classes redefined (0 events):
No events

Internal exceptions (12 events):
Event: 0.175 Thread 0x0000014f1901dec0 Exception <a 'java/lang/ClassNotFoundException'{0x00000000a768c988}: sun/awt/resources/spi/awtProvider> (0x00000000a768c988) 
thrown [s\open\src\hotspot\share\classfile\systemDictionary.cpp, line 256]
Event: 0.223 Thread 0x0000014f1901dec0 Exception <a 'java/io/FileNotFoundException'{0x00000000a76e5940}> (0x00000000a76e5940) 
thrown [s\open\src\hotspot\share\prims\jni.cpp, line 516]
Event: 0.235 Thread 0x0000014f1901dec0 Exception <a 'java/io/FileNotFoundException'{0x00000000a7512d18}> (0x00000000a7512d18) 
thrown [s\open\src\hotspot\share\prims\jni.cpp, line 516]
Event: 0.281 Thread 0x0000014f1901dec0 Exception <a 'java/lang/NoSuchMethodError'{0x00000000a7548860}: 'java.lang.Object java.lang.invoke.DirectMethodHandle$Holder.invokeStaticInit(java.lang.Object)'> (0x00000000a7548860) 
thrown [s\open\src\hotspot\share\interpreter\linkResolver.cpp, line 759]
Event: 0.359 Thread 0x0000014f362e1c10 Exception <a 'java/lang/NoSuchMethodError'{0x00000000a74169b0}: 'void java.lang.invoke.DirectMethodHandle$Holder.invokeSpecial(java.lang.Object, java.lang.Object, java.lang.Object)'> (0x00000000a74169b0) 
thrown [s\open\src\hotspot\share\interpreter\linkResolver.cpp, line 759]
Event: 0.373 Thread 0x0000014f362e1c10 Exception <a 'java/lang/NoSuchMethodError'{0x00000000a7440b50}: 'java.lang.Object java.lang.invoke.DirectMethodHandle$Holder.newInvokeSpecial(java.lang.Object, java.lang.Object, java.lang.Object, java.lang.Object, java.lang.Object)'> (0x00000000a7440b50) 
thrown [s\open\src\hotspot\share\interpreter\linkResolver.cpp, line 759]
Event: 0.376 Thread 0x0000014f362e1c10 Exception <a 'java/lang/NoSuchMethodError'{0x00000000a744ca38}: 'java.lang.Object java.lang.invoke.DirectMethodHandle$Holder.invokeStatic(java.lang.Object, int, java.lang.Object, java.lang.Object, java.lang.Object, java.lang.Object)'> (0x00000000a744ca38) 
thrown [s\open\src\hotspot\share\interpreter\linkResolver.cpp, line 759]
Event: 0.384 Thread 0x0000014f362e1c10 Exception <a 'java/lang/NoSuchMethodError'{0x00000000a74721f8}: 'java.lang.Object java.lang.invoke.DirectMethodHandle$Holder.invokeStatic(java.lang.Object, int, java.lang.Object)'> (0x00000000a74721f8) 
thrown [s\open\src\hotspot\share\interpreter\linkResolver.cpp, line 759]
Event: 0.421 Thread 0x0000014f362e1c10 Exception <a 'java/lang/ClassNotFoundException'{0x00000000a732ad30}: com/sun/swing/internal/plaf/metal/resources/spi/metalProvider> (0x00000000a732ad30) 
thrown [s\open\src\hotspot\share\classfile\systemDictionary.cpp, line 256]
Event: 0.422 Thread 0x0000014f362e1c10 Exception <a 'java/lang/ClassNotFoundException'{0x00000000a732ebb8}: com/sun/swing/internal/plaf/basic/resources/spi/basicProvider> (0x00000000a732ebb8) 
thrown [s\open\src\hotspot\share\classfile\systemDictionary.cpp, line 256]
Event: 0.505 Thread 0x0000014f362e2470 Exception <a 'java/lang/NoSuchMethodError'{0x00000000a7595118}: 'void java.lang.invoke.DirectMethodHandle$Holder.invokeVirtual(java.lang.Object, java.lang.Object)'> (0x00000000a7595118) 
thrown [s\open\src\hotspot\share\interpreter\linkResolver.cpp, line 759]
Event: 0.524 Thread 0x0000014f362e1c10 Exception <a 'java/lang/NoSuchMethodError'{0x00000000a739a9d8}: 'void java.lang.invoke.DirectMethodHandle$Holder.invokeStaticInit(java.lang.Object)'> (0x00000000a739a9d8) 
thrown [s\open\src\hotspot\share\interpreter\linkResolver.cpp, line 759]

VM Operations (8 events):
Event: 0.421 Executing VM operation: HandshakeAllThreads
Event: 0.421 Executing VM operation: HandshakeAllThreads done
Event: 0.472 Executing VM operation: HandshakeAllThreads
Event: 0.472 Executing VM operation: HandshakeAllThreads done
Event: 0.477 Executing VM operation: HandshakeAllThreads
Event: 0.477 Executing VM operation: HandshakeAllThreads done
Event: 0.566 Executing VM operation: HandshakeAllThreads
Event: 0.566 Executing VM operation: HandshakeAllThreads done

Events (20 events):
Event: 0.694 Thread 0x0000014f363ed640 Thread added: 0x0000014f363ed640
Event: 0.704 loading class java/awt/print/Printable
Event: 0.704 loading class java/awt/print/Printable done
Event: 0.707 loading class java/beans/PropertyVetoException
Event: 0.707 loading class java/beans/PropertyVetoException done
Event: 0.709 loading class java/beans/VetoableChangeSupport
Event: 0.709 loading class sun/util/calendar/ZoneInfoFile$Checksum
Event: 0.709 loading class sun/util/calendar/ZoneInfoFile$Checksum done
Event: 0.709 loading class java/beans/VetoableChangeSupport done
Event: 0.709 loading class java/beans/VetoableChangeSupport$VetoableChangeListenerMap
Event: 0.709 loading class java/beans/VetoableChangeSupport$VetoableChangeListenerMap done
Event: 0.714 loading class java/io/ObjectInputValidation
Event: 0.714 loading class java/io/ObjectInputValidation done
Event: 0.716 loading class jdk/internal/module/ModulePatcher$PatchedModuleReader
Event: 0.717 loading class jdk/internal/module/ModulePatcher$PatchedModuleReader done
Event: 0.717 loading class sun/net/www/protocol/jrt/Handler
Event: 0.717 loading class sun/net/www/protocol/jrt/Handler done
Event: 0.723 loading class java/lang/SecurityException
Event: 0.723 loading class java/lang/SecurityException done
Event: 0.732 Loaded shared library C:\Users\esantos\.jssc\windows\jSSC-2.8_x86_64.dll


Dynamic libraries:
0x00007ff6f89c0000 - 0x00007ff6f89d0000 	C:\Program Files\Java\jdk-17\bin\java.exe
0x00007ffa876b0000 - 0x00007ffa878a8000 	C:\Windows\SYSTEM32\ntdll.dll
0x00007ffa86c30000 - 0x00007ffa86cef000 	C:\Windows\System32\KERNEL32.DLL
0x00007ffa85210000 - 0x00007ffa85506000 	C:\Windows\System32\KERNELBASE.dll
0x00007ffa84f20000 - 0x00007ffa85020000 	C:\Windows\System32\ucrtbase.dll
0x00007ffa72060000 - 0x00007ffa72078000 	C:\Program Files\Java\jdk-17\bin\jli.dll
0x00007ffa85f40000 - 0x00007ffa85fef000 	C:\Windows\System32\ADVAPI32.dll
0x00007ffa860f0000 - 0x00007ffa8618e000 	C:\Windows\System32\msvcrt.dll
0x00007ffa86cf0000 - 0x00007ffa86d8c000 	C:\Windows\System32\sechost.dll
0x00007ffa858c0000 - 0x00007ffa859e6000 	C:\Windows\System32\RPCRT4.dll
0x00007ffa87300000 - 0x00007ffa8749d000 	C:\Windows\System32\USER32.dll
0x00007ffa85190000 - 0x00007ffa851b2000 	C:\Windows\System32\win32u.dll
0x00007ffa860c0000 - 0x00007ffa860ec000 	C:\Windows\System32\GDI32.dll
0x00007ffa84d90000 - 0x00007ffa84ea5000 	C:\Windows\System32\gdi32full.dll
0x00007ffa85670000 - 0x00007ffa8570d000 	C:\Windows\System32\msvcp_win.dll
0x00007ffa7deb0000 - 0x00007ffa7decb000 	C:\Program Files\Java\jdk-17\bin\VCRUNTIME140.dll
0x00007ffa66820000 - 0x00007ffa66aba000 	C:\Windows\WinSxS\amd64_microsoft.windows.common-controls_6595b64144ccf1df_6.0.19041.1110_none_60b5254171f9507e\COMCTL32.dll
0x00007ffa79fb0000 - 0x00007ffa79fba000 	C:\Windows\SYSTEM32\VERSION.dll
0x00007ffa87640000 - 0x00007ffa87670000 	C:\Windows\System32\IMM32.DLL
0x00007ffa7df10000 - 0x00007ffa7df1c000 	C:\Program Files\Java\jdk-17\bin\vcruntime140_1.dll
0x00007ffa5f950000 - 0x00007ffa5f9de000 	C:\Program Files\Java\jdk-17\bin\msvcp140.dll
0x00007ffa45700000 - 0x00007ffa462d7000 	C:\Program Files\Java\jdk-17\bin\server\jvm.dll
0x00007ffa86d90000 - 0x00007ffa86d98000 	C:\Windows\System32\PSAPI.DLL
0x00007ffa81570000 - 0x00007ffa81579000 	C:\Windows\SYSTEM32\WSOCK32.dll
0x00007ffa868f0000 - 0x00007ffa8695b000 	C:\Windows\System32\WS2_32.dll
0x00007ffa5cce0000 - 0x00007ffa5cd07000 	C:\Windows\SYSTEM32\WINMM.dll
0x00007ffa82c50000 - 0x00007ffa82c62000 	C:\Windows\SYSTEM32\kernel.appcore.dll
0x00007ffa7c5f0000 - 0x00007ffa7c5fa000 	C:\Program Files\Java\jdk-17\bin\jimage.dll
0x00007ffa75ef0000 - 0x00007ffa760d4000 	C:\Windows\SYSTEM32\DBGHELP.DLL
0x00007ffa75d30000 - 0x00007ffa75d64000 	C:\Windows\SYSTEM32\dbgcore.DLL
0x00007ffa85100000 - 0x00007ffa85182000 	C:\Windows\System32\bcryptPrimitives.dll
0x00007ffa63d50000 - 0x00007ffa63d75000 	C:\Program Files\Java\jdk-17\bin\java.dll
0x00007ffa53390000 - 0x00007ffa53467000 	C:\Program Files\Java\jdk-17\bin\jsvml.dll
0x00007ffa861a0000 - 0x00007ffa868e4000 	C:\Windows\System32\SHELL32.dll
0x00007ffa82e50000 - 0x00007ffa835e3000 	C:\Windows\SYSTEM32\windows.storage.dll
0x00007ffa85a50000 - 0x00007ffa85da4000 	C:\Windows\System32\combase.dll
0x00007ffa84710000 - 0x00007ffa8473e000 	C:\Windows\SYSTEM32\Wldp.dll
0x00007ffa87590000 - 0x00007ffa8763d000 	C:\Windows\System32\SHCORE.dll
0x00007ffa874a0000 - 0x00007ffa874f5000 	C:\Windows\System32\shlwapi.dll
0x00007ffa84cd0000 - 0x00007ffa84cef000 	C:\Windows\SYSTEM32\profapi.dll
0x00007ffa63d30000 - 0x00007ffa63d49000 	C:\Program Files\Java\jdk-17\bin\net.dll
0x00007ffa7c0d0000 - 0x00007ffa7c1da000 	C:\Windows\SYSTEM32\WINHTTP.dll
0x00007ffa84470000 - 0x00007ffa844da000 	C:\Windows\system32\mswsock.dll
0x00007ffa61430000 - 0x00007ffa61446000 	C:\Program Files\Java\jdk-17\bin\nio.dll
0x00007ffa61410000 - 0x00007ffa61428000 	C:\Program Files\Java\jdk-17\bin\zip.dll
0x00007ffa49830000 - 0x00007ffa499c1000 	C:\Program Files\Java\jdk-17\bin\awt.dll
0x00007ffa85ff0000 - 0x00007ffa860bd000 	C:\Windows\System32\OLEAUT32.dll
0x00007ffa805d0000 - 0x00007ffa80661000 	C:\Windows\SYSTEM32\apphelp.dll
0x00007ffa82780000 - 0x00007ffa8281e000 	C:\Windows\system32\uxtheme.dll
0x00007ffa86a90000 - 0x00007ffa86ba4000 	C:\Windows\System32\MSCTF.dll
0x00007ffa86960000 - 0x00007ffa86a8a000 	C:\Windows\System32\ole32.dll
0x00007ffa82960000 - 0x00007ffa8298f000 	C:\Windows\system32\DWMAPI.DLL
0x00007ffa2b7a0000 - 0x00007ffa2b8c5000 	C:\Windows\system32\opengl32.dll
0x00007ffa53b00000 - 0x00007ffa53b2c000 	C:\Windows\SYSTEM32\GLU32.dll
0x00007ffa538a0000 - 0x00007ffa53926000 	C:\Program Files\Java\jdk-17\bin\freetype.dll
0x00007ffa4dee0000 - 0x00007ffa4dfa5000 	C:\Program Files\Java\jdk-17\bin\fontmanager.dll
0x00007ffa85e90000 - 0x00007ffa85f39000 	C:\Windows\System32\clbcatq.dll
0x00007ffa7b9b0000 - 0x00007ffa7bb64000 	C:\Windows\SYSTEM32\WindowsCodecs.dll
0x00007ffa85020000 - 0x00007ffa85047000 	C:\Windows\System32\bcrypt.dll
0x00007ffa58b40000 - 0x00007ffa58b7e000 	C:\Windows\system32\dataexchange.dll
0x00007ffa7f6c0000 - 0x00007ffa7f8a3000 	C:\Windows\system32\dcomp.dll
0x00007ffa7ebe0000 - 0x00007ffa7ee43000 	C:\Windows\system32\d3d11.dll
0x00007ffa83650000 - 0x00007ffa83743000 	C:\Windows\system32\dxgi.dll
0x00007ffa7d9a0000 - 0x00007ffa7dba0000 	C:\Windows\system32\twinapi.appcore.dll
0x0000000071100000 - 0x0000000071125000 	C:\Users\esantos\.jssc\windows\jSSC-2.8_x86_64.dll

dbghelp: loaded successfully - version: 4.0.5 - missing functions: none
symbol engine: initialized successfully - sym options: 0x614 - pdb path: .;C:\Program Files\Java\jdk-17\bin;C:\Windows\SYSTEM32;C:\Windows\WinSxS\amd64_microsoft.windows.common-controls_6595b64144ccf1df_6.0.19041.1110_none_60b5254171f9507e;C:\Program Files\Java\jdk-17\bin\server;C:\Users\esantos\.jssc\windows

VM Arguments:
jvm_args: -Dfile.encoding=UTF-8 
java_command: vista.frmMenuPrincipal
java_class_path (initial): C:\Users\esantos\Documents\NetBeansProjects\Proyecto\librerias\mysql-connector-j-8.0.33.jar;C:\Users\esantos\Documents\NetBeansProjects\Proyecto\librerias\PanamaHitek_Arduino-2.8.2.jar;C:\Users\esantos\Documents\NetBeansProjects\Proyecto\librerias\jfreechart-1.0.19.jar;C:\Users\esantos\Documents\NetBeansProjects\Proyecto\librerias\jcommon-1.0.23.jar;C:\Users\esantos\Documents\NetBeansProjects\Proyecto\librerias\jcommon-xml-1.0.23.jar;C:\Users\esantos\Documents\NetBeansProjects\ProyectoFinal_v1\build\classes
Launcher Type: SUN_STANDARD

[Global flags]
     intx CICompilerCount                          = 3                                         {product} {ergonomic}
     uint ConcGCThreads                            = 1                                         {product} {ergonomic}
     uint G1ConcRefinementThreads                  = 4                                         {product} {ergonomic}
   size_t G1HeapRegionSize                         = 1048576                                   {product} {ergonomic}
    uintx GCDrainStackTargetSize                   = 64                                        {product} {ergonomic}
   size_t InitialHeapSize                          = 100663296                                 {product} {ergonomic}
   size_t MarkStackSize                            = 4194304                                   {product} {ergonomic}
   size_t MaxHeapSize                              = 1585446912                                {product} {ergonomic}
   size_t MaxNewSize                               = 951058432                                 {product} {ergonomic}
   size_t MinHeapDeltaBytes                        = 1048576                                   {product} {ergonomic}
   size_t MinHeapSize                              = 8388608                                   {product} {ergonomic}
    uintx NonNMethodCodeHeapSize                   = 5832780                                {pd product} {ergonomic}
    uintx NonProfiledCodeHeapSize                  = 122912730                              {pd product} {ergonomic}
    uintx ProfiledCodeHeapSize                     = 122912730                              {pd product} {ergonomic}
    uintx ReservedCodeCacheSize                    = 251658240                              {pd product} {ergonomic}
     bool SegmentedCodeCache                       = true                                      {product} {ergonomic}
   size_t SoftMaxHeapSize                          = 1585446912                             {manageable} {ergonomic}
     bool UseCompressedClassPointers               = true                           {product lp64_product} {ergonomic}
     bool UseCompressedOops                        = true                           {product lp64_product} {ergonomic}
     bool UseG1GC                                  = true                                      {product} {ergonomic}
     bool UseLargePagesIndividualAllocation        = false                                  {pd product} {ergonomic}

Logging:
Log output configuration:
 #0: stdout all=warning uptime,level,tags
 #1: stderr all=off uptime,level,tags

Environment Variables:
JAVA_HOME=C:\Program Files\Java\jdk-16
PATH=C:\Program Files\Common Files\Oracle\Java\javapath;C:\Program Files (x86)\Common Files\Oracle\Java\javapath;C:\Program Files (x86)\Intel\iCLS Client\;C:\Program Files\Intel\iCLS Client\;C:\Windows\system32;C:\Windows;C:\Windows\System32\Wbem;C:\Windows\System32\WindowsPowerShell\v1.0\;C:\Windows\System32\OpenSSH\;C:\Program Files\Intel\Intel(R) Management Engine Components\DAL;C:\Program Files\Intel\Intel(R) Management Engine Components\IPT;C:\Program Files (x86)\Intel\Intel(R) Management Engine Components\DAL;C:\Program Files (x86)\Intel\Intel(R) Management Engine Components\IPT;C:\Program Files\Java\jdk-15.0.2\bin;C:\Program Files\Java\jdk-16\bin;C:\Users\esantos\AppData\Local\Programs\Python\Python310\Scripts\;C:\Users\esantos\AppData\Local\Programs\Python\Python310\;C:\Users\esantos\AppData\Local\Microsoft\WindowsApps;C:\Program Files\Azure Data Studio\bin;C:\Program Files\Azure Data Studio\bin;C:\Program Files\Azure Data Studio\bin;C:\Program Files\JetBrains\PyCharm Community Edition 2022.1\bin;;C:\Program Files\Azure Data Studio\bin;
USERNAME=esantos
OS=Windows_NT
PROCESSOR_IDENTIFIER=Intel64 Family 6 Model 58 Stepping 9, GenuineIntel



---------------  S Y S T E M  ---------------

OS:
 Windows 10 , 64 bit Build 19041 (10.0.19041.2913)
OS uptime: 0 days 4:19 hours

CPU: total 4 (initial active 4) (2 cores per cpu, 2 threads per core) family 6 model 58 stepping 9 microcode 0x21, cx8, cmov, fxsr, ht, mmx, sse, sse2, sse3, ssse3, sse4.1, sse4.2, popcnt, tsc, tscinvbit, avx, aes, erms, clmul, vzeroupper, clflush

Memory: 4k page, system-wide physical 6046M (1188M free)
TotalPageFile size 8336M (AvailPageFile size 1727M)
current process WorkingSet (physical memory assigned to process): 57M, peak: 57M
current process commit charge ("private bytes"): 182M, peak: 182M

vm_info: Java HotSpot(TM) 64-Bit Server VM (17.0.6+9-LTS-190) for windows-amd64 JRE (17.0.6+9-LTS-190), built on Dec  6 2022 15:53:54 by "mach5one" with MS VC++ 17.1 (VS2022)

END.
